<?xml version="1.0" encoding="UTF-8"?>
<testsuite name="todo.test.DeleteNoteTest" tests="1" skipped="0" failures="0" errors="0" timestamp="2022-10-14T04:41:23" hostname="DESKTOP-LMQJMUF" time="43.368">
  <properties/>
  <testcase name="deleteNote()" classname="todo.test.DeleteNoteTest" time="43.368"/>
  <system-out><![CDATA[]]></system-out>
  <system-err><![CDATA[Oct 14, 2022 12:41:34 AM io.appium.java_client.remote.AppiumCommandExecutor$1 lambda$0
INFO: Detected dialect: W3C
]]></system-err>
</testsuite>
